#-----------------------------------------------------------
# Vivado v2018.2 (64-bit)
# SW Build 2258646 on Thu Jun 14 20:03:12 MDT 2018
# IP Build 2256618 on Thu Jun 14 22:10:49 MDT 2018
# Start of session at: Fri Dec  7 15:36:22 2018
# Process ID: 19716
# Current directory: C:/Vivado_Git/VGA_Reaction_Game
# Command line: vivado.exe -gui_launcher_event rodinguilauncherevent21196 C:\Vivado_Git\VGA_Reaction_Game\Lab_5.xpr
# Log file: C:/Vivado_Git/VGA_Reaction_Game/vivado.log
# Journal file: C:/Vivado_Git/VGA_Reaction_Game\vivado.jou
#-----------------------------------------------------------
start_gui
open_project C:/Vivado_Git/VGA_Reaction_Game/Lab_5.xpr
Scanning sources...
Finished scanning sources
INFO: [IP_Flow 19-234] Refreshing IP repositories
INFO: [IP_Flow 19-1704] No user IP repositories specified
INFO: [IP_Flow 19-2313] Loaded Vivado IP repository 'D:/Xilinx/Vivado/2018.2/data/ip'.
open_project: Time (s): cpu = 00:00:15 ; elapsed = 00:00:07 . Memory (MB): peak = 917.766 ; gain = 186.074
update_compile_order -fileset sources_1
